<?xml version="1.0" encoding="UTF-8"?>
<!-- Generated by org.testng.reporters.JUnitXMLReporter -->
<testsuite ignored="0" hostname="LAPTOP-AJDG01Q7" failures="2" tests="3" name="Test" time="0.143" errors="0" timestamp="2025-09-12T08:48:04 IST">
  <testcase classname="TestNGC.First.RetryAnalyzerClass" name="testcase01" time="0.029">
    <failure type="java.lang.AssertionError" message="expected [true] but found [false]">
      <![CDATA[java.lang.AssertionError: expected [true] but found [false]
at TestNGC.First.RetryAnalyzerClass.testcase01(RetryAnalyzerClass.java:11)
at java.base/java.util.ArrayList.forEach(ArrayList.java:1541)
... Removed 31 stack frames]]>
    </failure>
  </testcase> <!-- testcase01 -->
  <testcase classname="TestNGC.First.RetryAnalyzerClass" name="testcase02" time="0.005">
    <failure type="java.lang.AssertionError" message="expected [true] but found [false]">
      <![CDATA[java.lang.AssertionError: expected [true] but found [false]
at TestNGC.First.RetryAnalyzerClass.testcase02(RetryAnalyzerClass.java:17)
at java.base/java.util.ArrayList.forEach(ArrayList.java:1541)
... Removed 31 stack frames]]>
    </failure>
  </testcase> <!-- testcase02 -->
  <testcase classname="TestNGC.First.RetryAnalyzerClass" name="testcase03" time="0.002"/>
</testsuite> <!-- Test -->
